# JRE version: Java(TM) SE Runtime Environment (8.0_77-b03) (build 1.8.0_77-b03)
# Java VM: Java HotSpot(TM) 64-Bit Server VM (25.77-b03 mixed mode windows-amd64 compressed oops)
Heap:
 PSYoungGen      total 51712K, used 30764K [0x000000076af80000, 0x0000000771380000, 0x00000007c0000000)
  eden space 51200K, 59% used [0x000000076af80000,0x000000076cd530b0,0x000000076e180000)
  from space 512K, 43% used [0x000000076e280000,0x000000076e2b8000,0x000000076e300000)
  to   space 25600K, 0% used [0x000000076fa80000,0x000000076fa80000,0x0000000771380000)
 ParOldGen       total 175104K, used 58890K [0x00000006c0e00000, 0x00000006cb900000, 0x000000076af80000)
  object space 175104K, 33% used [0x00000006c0e00000,0x00000006c4782928,0x00000006cb900000)
 Metaspace       used 15975K, capacity 16175K, committed 16640K, reserved 1064960K
  class space    used 1335K, capacity 1418K, committed 1536K, reserved 1048576K
GC Heap History (10 events):
Event: 602.655 GC heap before
{Heap before GC invocations=17 (full 2):
 PSYoungGen      total 87552K, used 56512K [0x000000076af80000, 0x0000000772880000, 0x00000007c0000000)
  eden space 56320K, 100% used [0x000000076af80000,0x000000076e680000,0x000000076e680000)
  from space 31232K, 0% used [0x0000000770a00000,0x0000000770a30000,0x0000000772880000)
  to   space 33792K, 0% used [0x000000076e680000,0x000000076e680000,0x0000000770780000)
 ParOldGen       total 175104K, used 58602K [0x00000006c0e00000, 0x00000006cb900000, 0x000000076af80000)
  object space 175104K, 33% used [0x00000006c0e00000,0x00000006c473a928,0x00000006cb900000)
 Metaspace       used 14716K, capacity 14954K, committed 15360K, reserved 1062912K
  class space    used 1332K, capacity 1418K, committed 1536K, reserved 1048576K
Event: 602.655 GC heap after
Heap after GC invocations=17 (full 2):
 PSYoungGen      total 55808K, used 224K [0x000000076af80000, 0x0000000772380000, 0x00000007c0000000)
  eden space 55296K, 0% used [0x000000076af80000,0x000000076af80000,0x000000076e580000)
  from space 512K, 43% used [0x000000076e680000,0x000000076e6b8000,0x000000076e700000)
  to   space 31744K, 0% used [0x0000000770480000,0x0000000770480000,0x0000000772380000)
 ParOldGen       total 175104K, used 58650K [0x00000006c0e00000, 0x00000006cb900000, 0x000000076af80000)
  object space 175104K, 33% used [0x00000006c0e00000,0x00000006c4746928,0x00000006cb900000)
 Metaspace       used 14716K, capacity 14954K, committed 15360K, reserved 1062912K
  class space    used 1332K, capacity 1418K, committed 1536K, reserved 1048576K
}
Event: 639.571 GC heap before
{Heap before GC invocations=18 (full 2):
 PSYoungGen      total 55808K, used 55520K [0x000000076af80000, 0x0000000772380000, 0x00000007c0000000)
  eden space 55296K, 100% used [0x000000076af80000,0x000000076e580000,0x000000076e580000)
  from space 512K, 43% used [0x000000076e680000,0x000000076e6b8000,0x000000076e700000)
  to   space 31744K, 0% used [0x0000000770480000,0x0000000770480000,0x0000000772380000)
 ParOldGen       total 175104K, used 58650K [0x00000006c0e00000, 0x00000006cb900000, 0x000000076af80000)
  object space 175104K, 33% used [0x00000006c0e00000,0x00000006c4746928,0x00000006cb900000)
 Metaspace       used 14745K, capacity 14954K, committed 15360K, reserved 1062912K
  class space    used 1332K, capacity 1418K, committed 1536K, reserved 1048576K
Event: 639.571 GC heap after
Heap after GC invocations=18 (full 2):
 PSYoungGen      total 81920K, used 224K [0x000000076af80000, 0x0000000771f80000, 0x00000007c0000000)
  eden space 54272K, 0% used [0x000000076af80000,0x000000076af80000,0x000000076e480000)
  from space 27648K, 0% used [0x0000000770480000,0x00000007704b8000,0x0000000771f80000)
  to   space 30208K, 0% used [0x000000076e480000,0x000000076e480000,0x0000000770200000)
 ParOldGen       total 175104K, used 58786K [0x00000006c0e00000, 0x00000006cb900000, 0x000000076af80000)
  object space 175104K, 33% used [0x00000006c0e00000,0x00000006c4768928,0x00000006cb900000)
 Metaspace       used 14745K, capacity 14954K, committed 15360K, reserved 1062912K
  class space    used 1332K, capacity 1418K, committed 1536K, reserved 1048576K
}
Event: 677.077 GC heap before
{Heap before GC invocations=19 (full 2):
 PSYoungGen      total 81920K, used 54496K [0x000000076af80000, 0x0000000771f80000, 0x00000007c0000000)
  eden space 54272K, 100% used [0x000000076af80000,0x000000076e480000,0x000000076e480000)
  from space 27648K, 0% used [0x0000000770480000,0x00000007704b8000,0x0000000771f80000)
  to   space 30208K, 0% used [0x000000076e480000,0x000000076e480000,0x0000000770200000)
 ParOldGen       total 175104K, used 58786K [0x00000006c0e00000, 0x00000006cb900000, 0x000000076af80000)
  object space 175104K, 33% used [0x00000006c0e00000,0x00000006c4768928,0x00000006cb900000)
 Metaspace       used 14764K, capacity 15018K, committed 15360K, reserved 1062912K
  class space    used 1332K, capacity 1418K, committed 1536K, reserved 1048576K
Event: 677.078 GC heap after
Heap after GC invocations=19 (full 2):
 PSYoungGen      total 53760K, used 160K [0x000000076af80000, 0x0000000771b80000, 0x00000007c0000000)
  eden space 53248K, 0% used [0x000000076af80000,0x000000076af80000,0x000000076e380000)
  from space 512K, 31% used [0x000000076e480000,0x000000076e4a8000,0x000000076e500000)
  to   space 28672K, 0% used [0x000000076ff80000,0x000000076ff80000,0x0000000771b80000)
 ParOldGen       total 175104K, used 58802K [0x00000006c0e00000, 0x00000006cb900000, 0x000000076af80000)
  object space 175104K, 33% used [0x00000006c0e00000,0x00000006c476c928,0x00000006cb900000)
 Metaspace       used 14764K, capacity 15018K, committed 15360K, reserved 1062912K
  class space    used 1332K, capacity 1418K, committed 1536K, reserved 1048576K
}
Event: 713.276 GC heap before
{Heap before GC invocations=20 (full 2):
 PSYoungGen      total 53760K, used 53408K [0x000000076af80000, 0x0000000771b80000, 0x00000007c0000000)
  eden space 53248K, 100% used [0x000000076af80000,0x000000076e380000,0x000000076e380000)
  from space 512K, 31% used [0x000000076e480000,0x000000076e4a8000,0x000000076e500000)
  to   space 28672K, 0% used [0x000000076ff80000,0x000000076ff80000,0x0000000771b80000)
 ParOldGen       total 175104K, used 58802K [0x00000006c0e00000, 0x00000006cb900000, 0x000000076af80000)
  object space 175104K, 33% used [0x00000006c0e00000,0x00000006c476c928,0x00000006cb900000)
 Metaspace       used 14766K, capacity 15018K, committed 15360K, reserved 1062912K
  class space    used 1332K, capacity 1418K, committed 1536K, reserved 1048576K
Event: 713.277 GC heap after
Heap after GC invocations=20 (full 2):
 PSYoungGen      total 76800K, used 256K [0x000000076af80000, 0x0000000771780000, 0x00000007c0000000)
  eden space 52224K, 0% used [0x000000076af80000,0x000000076af80000,0x000000076e280000)
  from space 24576K, 1% used [0x000000076ff80000,0x000000076ffc0000,0x0000000771780000)
  to   space 27136K, 0% used [0x000000076e280000,0x000000076e280000,0x000000076fd00000)
 ParOldGen       total 175104K, used 58850K [0x00000006c0e00000, 0x00000006cb900000, 0x000000076af80000)
  object space 175104K, 33% used [0x00000006c0e00000,0x00000006c4778928,0x00000006cb900000)
 Metaspace       used 14766K, capacity 15018K, committed 15360K, reserved 1062912K
  class space    used 1332K, capacity 1418K, committed 1536K, reserved 1048576K
}
Event: 754.348 GC heap before
{Heap before GC invocations=21 (full 2):
 PSYoungGen      total 76800K, used 52480K [0x000000076af80000, 0x0000000771780000, 0x00000007c0000000)
  eden space 52224K, 100% used [0x000000076af80000,0x000000076e280000,0x000000076e280000)
  from space 24576K, 1% used [0x000000076ff80000,0x000000076ffc0000,0x0000000771780000)
  to   space 27136K, 0% used [0x000000076e280000,0x000000076e280000,0x000000076fd00000)
 ParOldGen       total 175104K, used 58850K [0x00000006c0e00000, 0x00000006cb900000, 0x000000076af80000)
  object space 175104K, 33% used [0x00000006c0e00000,0x00000006c4778928,0x00000006cb900000)
 Metaspace       used 15524K, capacity 15757K, committed 16128K, reserved 1064960K
  class space    used 1333K, capacity 1418K, committed 1536K, reserved 1048576K
Event: 754.349 GC heap after
Heap after GC invocations=21 (full 2):
 PSYoungGen      total 51712K, used 224K [0x000000076af80000, 0x0000000771380000, 0x00000007c0000000)
  eden space 51200K, 0% used [0x000000076af80000,0x000000076af80000,0x000000076e180000)
  from space 512K, 43% used [0x000000076e280000,0x000000076e2b8000,0x000000076e300000)
  to   space 25600K, 0% used [0x000000076fa80000,0x000000076fa80000,0x0000000771380000)
 ParOldGen       total 175104K, used 58890K [0x00000006c0e00000, 0x00000006cb900000, 0x000000076af80000)
  object space 175104K, 33% used [0x00000006c0e00000,0x00000006c4782928,0x00000006cb900000)
 Metaspace       used 15524K, capacity 15757K, committed 16128K, reserved 1064960K
  class space    used 1333K, capacity 1418K, committed 1536K, reserved 1048576K
}

